Log system initialized (log level: 1)
Application name: Buildtool Tool Packer

<0> SFileSystem::OpenWrite: Couldn't open (C:\RfB_mod\MAIN\ai/ai-2.ini): No such file or directory
<0> SFileSystem::OpenWrite: Couldn't open (C:\RfB_mod\MAIN\ai/early/allied/offensive/army-1.ini): No such file or directory
<0> SFileSystem::OpenWrite: Couldn't open (C:\RfB_mod\MAIN\ai/early/german/defensive/army-1.ini): No such file or directory
<0> SFileSystem::OpenWrite: Couldn't open (C:\RfB_mod\MAIN\ai/early/allied/support/army-1.ini): No such file or directory
<0> SFileSystem::OpenWrite: Couldn't open (C:\RfB_mod\MAIN\ai/early/allied/defensive/army-1.ini): No such file or directory
<0> SFileSystem::OpenWrite: Couldn't open (C:\RfB_mod\MAIN\ai/early/german/support/army-1.ini): No such file or directory
<0> SFileSystem::OpenWrite: Couldn't open (C:\RfB_mod\MAIN\ai/early/russian/defensive/army-1.ini): No such file or directory
<0> SFileSystem::OpenWrite: Couldn't open (C:\RfB_mod\MAIN\ai/early/russian/offensive/army-1.ini): No such file or directory
<0> SFileSystem::OpenWrite: Couldn't open (C:\RfB_mod\MAIN\ai/late/allied/support/army-1.ini): No such file or directory
<0> SFileSystem::OpenWrite: Couldn't open (C:\RfB_mod\MAIN\ai/late/allied/offensive/army-1.ini): No such file or directory
<0> SFileSystem::OpenWrite: Couldn't open (C:\RfB_mod\MAIN\ai/late/allied/defensive/army-1.ini): No such file or directory
<0> SFileSystem::OpenWrite: Couldn't open (C:\RfB_mod\MAIN\ai/early/russian/support/army-1.ini): No such file or directory
<0> SFileSystem::OpenWrite: Couldn't open (C:\RfB_mod\MAIN\ai/early/german/offensive/army-1.ini): No such file or directory
<0> SFileSystem::OpenWrite: Couldn't open (C:\RfB_mod\MAIN\ai/late/german/defensive/army-1.ini): No such file or directory
<0> SFileSystem::OpenWrite: Couldn't open (C:\RfB_mod\MAIN\ai/late/german/support/army-1.ini): No such file or directory
<0> SFileSystem::OpenWrite: Couldn't open (C:\RfB_mod\MAIN\ai/late/german/offensive/army-1.ini): No such file or directory
<0> SFileSystem::OpenWrite: Couldn't open (C:\RfB_mod\MAIN\ai/late/russian/defensive/army-1.ini): No such file or directory
<0> SFileSystem::OpenWrite: Couldn't open (C:\RfB_mod\MAIN\ai/late/russian/offensive/army-1.ini): No such file or directory
<0> SFileSystem::OpenWrite: Couldn't open (C:\RfB_mod\MAIN\ai/late/russian/support/army-1.ini): No such file or directory
<0> SFileSystem::OpenWrite: Couldn't open (C:\RfB_mod\MAIN\anim/game/cloudy/cloudy_10_bottom_a.dds): No such file or directory
<0> SFileSystem::OpenWrite: Couldn't open (C:\RfB_mod\MAIN\anim/game/night/night_1_back_a.dds): No such file or directory
<0> SFileSystem::OpenWrite: Couldn't open (C:\RfB_mod\MAIN\anim/game/sun/sun_1_back_a.dds): No such file or directory
<0> SFileSystem::OpenWrite: Couldn't open (C:\RfB_mod\MAIN\armies/infantry.army): No such file or directory
<0> SFileSystem::OpenWrite: Couldn't open (C:\RfB_mod\MAIN\brushes/00 default for trigger.wst): No such file or directory
<0> SFileSystem::OpenWrite: Couldn't open (C:\RfB_mod\MAIN\editor/emitter.4d): No such file or directory
<0> SFileSystem::OpenWrite: Couldn't open (C:\RfB_mod\MAIN\effects/dust/bridge_collapse_dust.fx): No such file or directory
<0> SFileSystem::OpenWrite: Couldn't open (C:\RfB_mod\MAIN\effects/explosion/_bridge_explosion_1.fx): No such file or directory
<0> SFileSystem::OpenWrite: Couldn't open (C:\RfB_mod\MAIN\effects/extras/player_loop_big.fx): No such file or directory
<0> SFileSystem::OpenWrite: Couldn't open (C:\RfB_mod\MAIN\effects/fire/_fire.fx): No such file or directory
<0> SFileSystem::OpenWrite: Couldn't open (C:\RfB_mod\MAIN\effects/impact/_dust_trail1.fx): No such file or directory
<0> SFileSystem::OpenWrite: Couldn't open (C:\RfB_mod\MAIN\effects/light/bunker_flies.fx): No such file or directory
<0> SFileSystem::OpenWrite: Couldn't open (C:\RfB_mod\MAIN\effects/media/ammo.dxt): No such file or directory
<0> SFileSystem::OpenWrite: Couldn't open (C:\RfB_mod\MAIN\effects/misc/_blur.fx): No such file or directory
<0> SFileSystem::OpenWrite: Couldn't open (C:\RfB_mod\MAIN\effects/move/bismarck_smoke.fx): No such file or directory
<0> SFileSystem::OpenWrite: Couldn't open (C:\RfB_mod\MAIN\effects/muzzle_fire/artillery_heavy.fx): No such file or directory
<0> SFileSystem::OpenWrite: Couldn't open (C:\RfB_mod\MAIN\effects/smoke/bunker_smoke.fx): No such file or directory
<0> SFileSystem::OpenWrite: Couldn't open (C:\RfB_mod\MAIN\effects/sound/alarm_01.fx): No such file or directory
<0> SFileSystem::OpenWrite: Couldn't open (C:\RfB_mod\MAIN\effects/system/_give_unit_sub.fx): No such file or directory
<0> SFileSystem::OpenWrite: Couldn't open (C:\RfB_mod\MAIN\effects/test/_level_sub_red.fx): No such file or directory
<0> SFileSystem::OpenWrite: Couldn't open (C:\RfB_mod\MAIN\effects/waterfall/raindrops.fx): No such file or directory
<0> SFileSystem::OpenWrite: Couldn't open (C:\RfB_mod\MAIN\effects/weather/atmosphere.fx): No such file or directory
<0> SFileSystem::OpenWrite: Couldn't open (C:\RfB_mod\MAIN\flora/medium_a/grass_medium_a.4d): No such file or directory
<0> SFileSystem::OpenWrite: Couldn't open (C:\RfB_mod\MAIN\flora/short_a/grass_short_a_1.dds): No such file or directory
<0> SFileSystem::OpenWrite: Couldn't open (C:\RfB_mod\MAIN\flora/tall_a/grass_tall_a_1.dds): No such file or directory
<0> SFileSystem::OpenWrite: Couldn't open (C:\RfB_mod\MAIN\interface/area_display1_hq.tga): No such file or directory
<0> SFileSystem::OpenWrite: Couldn't open (C:\RfB_mod\MAIN\menu/campaign/sold2_hq.tga): No such file or directory
<0> SFileSystem::OpenWrite: Couldn't open (C:\RfB_mod\MAIN\menu/credits/credits_1_hq.tga): No such file or directory
<0> SFileSystem::OpenWrite: Couldn't open (C:\RfB_mod\MAIN\menu/evalscreen/lost_fr_hq.tga): No such file or directory
<0> SFileSystem::OpenWrite: Couldn't open (C:\RfB_mod\MAIN\menu/main/anim/rim_2_1.avi): No such file or directory
<0> SFileSystem::OpenWrite: Couldn't open (C:\RfB_mod\MAIN\menu/skins/buttons_menu_hq.tga): No such file or directory
<0> SFileSystem::OpenWrite: Couldn't open (C:\RfB_mod\MAIN\menu/widgets/checkbox_gray_checked_hq.tga): No such file or directory
<0> SFileSystem::OpenWrite: Couldn't open (C:\RfB_mod\MAIN\multiunits/ge tacbomber.unit): No such file or directory
<0> SFileSystem::OpenWrite: Couldn't open (C:\RfB_mod\MAIN\shaders/02 stones-rocks/do01_stone02_a.dxt): No such file or directory
<0> SFileSystem::OpenWrite: Couldn't open (C:\RfB_mod\MAIN\shaders/03 branches/ruin_01_a.dxt): No such file or directory
<0> SFileSystem::OpenWrite: Couldn't open (C:\RfB_mod\MAIN\shaders/04 dirt/dirt_1_1_a.dxt): No such file or directory
<0> SFileSystem::OpenWrite: Couldn't open (C:\RfB_mod\MAIN\shaders/05 flora/addwa2_dry_mud_1_1_a.dxt): No such file or directory
<0> SFileSystem::OpenWrite: Couldn't open (C:\RfB_mod\MAIN\shaders/06 snow/add_6_1_a.dxt): No such file or directory
<0> SFileSystem::OpenWrite: Couldn't open (C:\RfB_mod\MAIN\shaders/07 roads/fr3_3stone_1.dxt): No such file or directory
<0> SFileSystem::OpenWrite: Couldn't open (C:\RfB_mod\MAIN\shaders/99 misc/arrow2_hq.tga): No such file or directory
<0> SFileSystem::OpenWrite: Couldn't open (C:\RfB_mod\MAIN\sounds/ambient/atmosphere/backgroundshot2.ogg): No such file or directory
<0> SFileSystem::OpenWrite: Couldn't open (C:\RfB_mod\MAIN\sounds/ambient/buildings/gramaphone_01.ogg): No such file or directory
<0> SFileSystem::OpenWrite: Couldn't open (C:\RfB_mod\MAIN\sounds/ambient/industry/air_ventillation_01.ogg): No such file or directory
<0> SFileSystem::OpenWrite: Couldn't open (C:\RfB_mod\MAIN\sounds/ambient/military camp/military_drill_01.ogg): No such file or directory
<0> SFileSystem::OpenWrite: Couldn't open (C:\RfB_mod\MAIN\sounds/ambient/night/crickets_01.ogg): No such file or directory
<0> SFileSystem::OpenWrite: Couldn't open (C:\RfB_mod\MAIN\sounds/ambient/rain/rain.ogg): No such file or directory
<0> SFileSystem::OpenWrite: Couldn't open (C:\RfB_mod\MAIN\sounds/ambient/water/seaport_01.ogg): No such file or directory
<0> SFileSystem::OpenWrite: Couldn't open (C:\RfB_mod\MAIN\sounds/ambient/wind/heavywind1_gusty_sand+grass_02.ogg): No such file or directory
<0> SFileSystem::OpenWrite: Couldn't open (C:\RfB_mod\MAIN\sounds/special/accordion.ogg): No such file or directory
<0> SFileSystem::OpenWrite: Couldn't open (C:\RfB_mod\MAIN\sounds/system/objective_accepted_03.ogg): No such file or directory
<0> SFileSystem::OpenWrite: Couldn't open (C:\RfB_mod\MAIN\sounds/units/collision/hordo02.ogg): No such file or directory
<0> SFileSystem::OpenWrite: Couldn't open (C:\RfB_mod\MAIN\sounds/units/die_scream/dogattack_01.ogg): No such file or directory
<0> SFileSystem::OpenWrite: Couldn't open (C:\RfB_mod\MAIN\sounds/units/engine_noise/boat_medium_01.ogg): No such file or directory
<0> SFileSystem::OpenWrite: Couldn't open (C:\RfB_mod\MAIN\sounds/units/explosion/artillery_hardground_large_02.ogg): No such file or directory
<0> SFileSystem::OpenWrite: Couldn't open (C:\RfB_mod\MAIN\sounds/units/shot/105mm_howitzer_02.ogg): No such file or directory
<0> SFileSystem::OpenWrite: Couldn't open (C:\RfB_mod\MAIN\speech/fr/set01/flamer/flamerinaction_02.ogg): No such file or directory
<0> SFileSystem::OpenWrite: Couldn't open (C:\RfB_mod\MAIN\speech/fr/set01/flamerveh/flamerinaction_01.ogg): No such file or directory
<0> SFileSystem::OpenWrite: Couldn't open (C:\RfB_mod\MAIN\speech/fr/set01/generic/attackartyover50hp_01.ogg): No such file or directory
<0> SFileSystem::OpenWrite: Couldn't open (C:\RfB_mod\MAIN\speech/fr/set01/genericveh/attackartyover50hp_01.ogg): No such file or directory
<0> SFileSystem::OpenWrite: Couldn't open (C:\RfB_mod\MAIN\speech/fr/set01/medic/medicheals_02.ogg): No such file or directory
<0> SFileSystem::OpenWrite: Couldn't open (C:\RfB_mod\MAIN\speech/fr/set01/medicveh/medicheals_01.ogg): No such file or directory
<0> SFileSystem::OpenWrite: Couldn't open (C:\RfB_mod\MAIN\speech/fr/set01/officer/attackofficerover50hp_02.ogg): No such file or directory
<0> SFileSystem::OpenWrite: Couldn't open (C:\RfB_mod\MAIN\speech/fr/set01/officerveh/attackofficerover50hp_01.ogg): No such file or directory
<0> SFileSystem::OpenWrite: Couldn't open (C:\RfB_mod\MAIN\speech/fr/set01/sapper/sapperdetectsmine_01.ogg): No such file or directory
<0> SFileSystem::OpenWrite: Couldn't open (C:\RfB_mod\MAIN\speech/fr/set01/sapperveh/sapperdetectsmine_03.ogg): No such file or directory
<0> SFileSystem::OpenWrite: Couldn't open (C:\RfB_mod\MAIN\speech/fr/set01/sniper/sniperenemydeath_01.ogg): No such file or directory
<0> SFileSystem::OpenWrite: Couldn't open (C:\RfB_mod\MAIN\speech/fr/set01/sniperveh/sniperenemydeath_01.ogg): No such file or directory
<0> SFileSystem::OpenWrite: Couldn't open (C:\RfB_mod\MAIN\speech/fr/set02/flamer/flamerinaction_02.ogg): No such file or directory
<0> SFileSystem::OpenWrite: Couldn't open (C:\RfB_mod\MAIN\speech/fr/set02/flamerveh/flamerinaction_02.ogg): No such file or directory
<0> SFileSystem::OpenWrite: Couldn't open (C:\RfB_mod\MAIN\speech/fr/set02/generic/attackartyover50hp_01.ogg): No such file or directory
<0> SFileSystem::OpenWrite: Couldn't open (C:\RfB_mod\MAIN\speech/fr/set02/genericveh/attackartyover50hp_01.ogg): No such file or directory
<0> SFileSystem::OpenWrite: Couldn't open (C:\RfB_mod\MAIN\speech/fr/set02/medic/medicmoves_01.ogg): No such file or directory
<0> SFileSystem::OpenWrite: Couldn't open (C:\RfB_mod\MAIN\speech/fr/set02/medicveh/medicheals_02.ogg): No such file or directory
<0> SFileSystem::OpenWrite: Couldn't open (C:\RfB_mod\MAIN\speech/fr/set02/officer/attackofficerover50hp_02.ogg): No such file or directory
<0> SFileSystem::OpenWrite: Couldn't open (C:\RfB_mod\MAIN\speech/fr/set02/officerveh/attackofficerover50hp_01.ogg): No such file or directory
<0> SFileSystem::OpenWrite: Couldn't open (C:\RfB_mod\MAIN\speech/fr/set02/sapper/sapperdetectsmine_01.ogg): No such file or directory
<0> SFileSystem::OpenWrite: Couldn't open (C:\RfB_mod\MAIN\speech/fr/set02/sapperveh/sapperdetectsmine_01.ogg): No such file or directory
<0> SFileSystem::OpenWrite: Couldn't open (C:\RfB_mod\MAIN\speech/fr/set02/sniper/sniperenemydeath_02.ogg): No such file or directory
<0> SFileSystem::OpenWrite: Couldn't open (C:\RfB_mod\MAIN\speech/fr/set02/sniperveh/sniperenemydeath_01.ogg): No such file or directory
<0> SFileSystem::OpenWrite: Couldn't open (C:\RfB_mod\MAIN\speech/ge/set01/flamer/flamermoves_01.ogg): No such file or directory
<0> SFileSystem::OpenWrite: Couldn't open (C:\RfB_mod\MAIN\speech/ge/set01/flamerveh/flamermoves_01.ogg): No such file or directory
<0> SFileSystem::OpenWrite: Couldn't open (C:\RfB_mod\MAIN\speech/ge/set01/generic/attackartyover50hp_01.ogg): No such file or directory
<0> SFileSystem::OpenWrite: Couldn't open (C:\RfB_mod\MAIN\speech/ge/set01/genericveh/attackartyover50hp_01.ogg): No such file or directory
<0> SFileSystem::OpenWrite: Couldn't open (C:\RfB_mod\MAIN\speech/ge/set01/medic/medicheals_01.ogg): No such file or directory
<0> SFileSystem::OpenWrite: Couldn't open (C:\RfB_mod\MAIN\speech/ge/set01/medicveh/medicmoves_01.ogg): No such file or directory
<0> SFileSystem::OpenWrite: Couldn't open (C:\RfB_mod\MAIN\speech/ge/set01/officer/attackofficerover50hp_02.ogg): No such file or directory
<0> SFileSystem::OpenWrite: Couldn't open (C:\RfB_mod\MAIN\speech/ge/set01/officerveh/attackofficerover50hp_01.ogg): No such file or directory
<0> SFileSystem::OpenWrite: Couldn't open (C:\RfB_mod\MAIN\speech/ge/set01/sapper/sapperdetectsmine_01.ogg): No such file or directory
<0> SFileSystem::OpenWrite: Couldn't open (C:\RfB_mod\MAIN\speech/ge/set01/sapperveh/sapperdetectsmine_01.ogg): No such file or directory
<0> SFileSystem::OpenWrite: Couldn't open (C:\RfB_mod\MAIN\speech/ge/set01/sniper/sniperenemydeath_01.ogg): No such file or directory
<0> SFileSystem::OpenWrite: Couldn't open (C:\RfB_mod\MAIN\speech/ge/set01/sniperveh/snipermoves_01.ogg): No such file or directory
<0> SFileSystem::OpenWrite: Couldn't open (C:\RfB_mod\MAIN\speech/ge/set02/flamer/flamerinaction_01.ogg): No such file or directory
<0> SFileSystem::OpenWrite: Couldn't open (C:\RfB_mod\MAIN\speech/ge/set02/flamerveh/flamermoves_01.ogg): No such file or directory
<0> SFileSystem::OpenWrite: Couldn't open (C:\RfB_mod\MAIN\speech/ge/set02/generic/attackartyover50hp_01.ogg): No such file or directory
<0> SFileSystem::OpenWrite: Couldn't open (C:\RfB_mod\MAIN\speech/ge/set02/genericveh/attackartyover50hp_01.ogg): No such file or directory
<0> SFileSystem::OpenWrite: Couldn't open (C:\RfB_mod\MAIN\speech/ge/set02/medic/medicmoves_01.ogg): No such file or directory
<0> SFileSystem::OpenWrite: Couldn't open (C:\RfB_mod\MAIN\speech/ge/set02/medicveh/medicheals_02.ogg): No such file or directory
<0> SFileSystem::OpenWrite: Couldn't open (C:\RfB_mod\MAIN\speech/ge/set02/officer/attackofficerover50hp_02.ogg): No such file or directory
<0> SFileSystem::OpenWrite: Couldn't open (C:\RfB_mod\MAIN\speech/ge/set02/officerveh/attackofficerunder10hp_01.ogg): No such file or directory
<0> SFileSystem::OpenWrite: Couldn't open (C:\RfB_mod\MAIN\speech/ge/set02/sapper/sapperdetectsmine_02.ogg): No such file or directory
<0> SFileSystem::OpenWrite: Couldn't open (C:\RfB_mod\MAIN\speech/ge/set02/sapperveh/sapperdetectsmine_02.ogg): No such file or directory
<0> SFileSystem::OpenWrite: Couldn't open (C:\RfB_mod\MAIN\speech/ge/set02/sniper/sniperenemydeath_01.ogg): No such file or directory
<0> SFileSystem::OpenWrite: Couldn't open (C:\RfB_mod\MAIN\speech/ge/set02/sniperveh/sniperenemydeath_02.ogg): No such file or directory
<0> SFileSystem::OpenWrite: Couldn't open (C:\RfB_mod\MAIN\speech/ge/set03/flamer/flamerinaction_01.ogg): No such file or directory
<0> SFileSystem::OpenWrite: Couldn't open (C:\RfB_mod\MAIN\speech/ge/set03/flamerveh/flamerinaction_01.ogg): No such file or directory
<0> SFileSystem::OpenWrite: Couldn't open (C:\RfB_mod\MAIN\speech/ge/set03/generic/attackartyover50hp_02.ogg): No such file or directory
<0> SFileSystem::OpenWrite: Couldn't open (C:\RfB_mod\MAIN\speech/ge/set03/genericveh/attackartyover50hp_01.ogg): No such file or directory
<0> SFileSystem::OpenWrite: Couldn't open (C:\RfB_mod\MAIN\speech/ge/set03/medic/medicmoves_01.ogg): No such file or directory
<0> SFileSystem::OpenWrite: Couldn't open (C:\RfB_mod\MAIN\speech/ge/set03/medicveh/medicmoves_01.ogg): No such file or directory
<0> SFileSystem::OpenWrite: Couldn't open (C:\RfB_mod\MAIN\speech/ge/set03/officer/attackofficerunder10hp_01.ogg): No such file or directory
<0> SFileSystem::OpenWrite: Couldn't open (C:\RfB_mod\MAIN\speech/ge/set03/officerveh/attackofficerover50hp_02.ogg): No such file or directory
<0> SFileSystem::OpenWrite: Couldn't open (C:\RfB_mod\MAIN\speech/ge/set03/sapper/sapperselected_01.ogg): No such file or directory
<0> SFileSystem::OpenWrite: Couldn't open (C:\RfB_mod\MAIN\speech/ge/set03/sapperveh/sapperdetectsmine_01.ogg): No such file or directory
<0> SFileSystem::OpenWrite: Couldn't open (C:\RfB_mod\MAIN\speech/ge/set03/sniper/sniperenemydeath_01.ogg): No such file or directory
<0> SFileSystem::OpenWrite: Couldn't open (C:\RfB_mod\MAIN\speech/ge/set03/sniperveh/sniperenemydeath_02.ogg): No such file or directory
<0> SFileSystem::OpenWrite: Couldn't open (C:\RfB_mod\MAIN\speech/ru/set01/flamer/flamerinaction_01.ogg): No such file or directory
<0> SFileSystem::OpenWrite: Couldn't open (C:\RfB_mod\MAIN\speech/ru/set01/flamerveh/flamermoves_02.ogg): No such file or directory
<0> SFileSystem::OpenWrite: Couldn't open (C:\RfB_mod\MAIN\speech/ru/set01/generic/attackartyover50hp_02.ogg): No such file or directory
<0> SFileSystem::OpenWrite: Couldn't open (C:\RfB_mod\MAIN\speech/ru/set01/genericveh/attackartyover50hp_02.ogg): No such file or directory
<0> SFileSystem::OpenWrite: Couldn't open (C:\RfB_mod\MAIN\speech/ru/set01/medic/medicheals_01.ogg): No such file or directory
<0> SFileSystem::OpenWrite: Couldn't open (C:\RfB_mod\MAIN\speech/ru/set01/medicveh/medicheals_01.ogg): No such file or directory
<0> SFileSystem::OpenWrite: Couldn't open (C:\RfB_mod\MAIN\speech/ru/set01/officer/attackofficerover50hp_02.ogg): No such file or directory
<0> SFileSystem::OpenWrite: Couldn't open (C:\RfB_mod\MAIN\speech/ru/set01/officerveh/attackofficerover50hp_02.ogg): No such file or directory
<0> SFileSystem::OpenWrite: Couldn't open (C:\RfB_mod\MAIN\speech/ru/set01/sapper/sapperdetectsmine_01.ogg): No such file or directory
<0> SFileSystem::OpenWrite: Couldn't open (C:\RfB_mod\MAIN\speech/ru/set01/sapperveh/sappermoves_01.ogg): No such file or directory
<0> SFileSystem::OpenWrite: Couldn't open (C:\RfB_mod\MAIN\speech/ru/set01/sniper/sniperenemydeath_02.ogg): No such file or directory
<0> SFileSystem::OpenWrite: Couldn't open (C:\RfB_mod\MAIN\speech/ru/set01/sniperveh/sniperenemydeath_02.ogg): No such file or directory
<0> SFileSystem::OpenWrite: Couldn't open (C:\RfB_mod\MAIN\speech/ru/set02/flamer/flamerselected_01.ogg): No such file or directory
<0> SFileSystem::OpenWrite: Couldn't open (C:\RfB_mod\MAIN\speech/ru/set02/flamerveh/flamermoves_01.ogg): No such file or directory
<0> SFileSystem::OpenWrite: Couldn't open (C:\RfB_mod\MAIN\speech/ru/set02/generic/attackartyover50hp_02.ogg): No such file or directory
<0> SFileSystem::OpenWrite: Couldn't open (C:\RfB_mod\MAIN\speech/ru/set02/genericveh/attackartyover50hp_01.ogg): No such file or directory
<0> SFileSystem::OpenWrite: Couldn't open (C:\RfB_mod\MAIN\speech/ru/set02/medic/medicheals_01.ogg): No such file or directory
<0> SFileSystem::OpenWrite: Couldn't open (C:\RfB_mod\MAIN\speech/ru/set02/medicveh/medicmoves_01.ogg): No such file or directory
<0> SFileSystem::OpenWrite: Couldn't open (C:\RfB_mod\MAIN\speech/ru/set02/officer/attackofficerover50hp_02.ogg): No such file or directory
<0> SFileSystem::OpenWrite: Couldn't open (C:\RfB_mod\MAIN\speech/ru/set02/officerveh/attackofficerover50hp_02.ogg): No such file or directory
<0> SFileSystem::OpenWrite: Couldn't open (C:\RfB_mod\MAIN\speech/ru/set02/sapper/sapperdetectsmine_02.ogg): No such file or directory
<0> SFileSystem::OpenWrite: Couldn't open (C:\RfB_mod\MAIN\speech/ru/set02/sapperveh/sapperdetectsmine_02.ogg): No such file or directory
<0> SFileSystem::OpenWrite: Couldn't open (C:\RfB_mod\MAIN\speech/ru/set02/sniper/sniperenemydeath_02.ogg): No such file or directory
<0> SFileSystem::OpenWrite: Couldn't open (C:\RfB_mod\MAIN\speech/ru/set02/sniperveh/sniperenemydeath_01.ogg): No such file or directory
<0> SFileSystem::OpenWrite: Couldn't open (C:\RfB_mod\MAIN\speech/ru/set03/flamer/flamerinaction_01.ogg): No such file or directory
<0> SFileSystem::OpenWrite: Couldn't open (C:\RfB_mod\MAIN\speech/ru/set03/flamerveh/flamerinaction_01.ogg): No such file or directory
<0> SFileSystem::OpenWrite: Couldn't open (C:\RfB_mod\MAIN\speech/ru/set03/generic/attackartyunder10hp_01.ogg): No such file or directory
<0> SFileSystem::OpenWrite: Couldn't open (C:\RfB_mod\MAIN\speech/ru/set03/genericveh/attackartyover50hp_02.ogg): No such file or directory
<0> SFileSystem::OpenWrite: Couldn't open (C:\RfB_mod\MAIN\speech/ru/set03/medic/medicheals_01.ogg): No such file or directory
<0> SFileSystem::OpenWrite: Couldn't open (C:\RfB_mod\MAIN\speech/ru/set03/medicveh/medicmoves_01.ogg): No such file or directory
<0> SFileSystem::OpenWrite: Couldn't open (C:\RfB_mod\MAIN\speech/ru/set03/officer/attackofficerover50hp_02.ogg): No such file or directory
<0> SFileSystem::OpenWrite: Couldn't open (C:\RfB_mod\MAIN\speech/ru/set03/officerveh/attackofficerover50hp_01.ogg): No such file or directory
<0> SFileSystem::OpenWrite: Couldn't open (C:\RfB_mod\MAIN\speech/ru/set03/sapper/sapperdetectsmine_01.ogg): No such file or directory
<0> SFileSystem::OpenWrite: Couldn't open (C:\RfB_mod\MAIN\speech/ru/set03/sapperveh/sappermoves_01.ogg): No such file or directory
<0> SFileSystem::OpenWrite: Couldn't open (C:\RfB_mod\MAIN\speech/ru/set03/sniper/sniperenemydeath_02.ogg): No such file or directory
<0> SFileSystem::OpenWrite: Couldn't open (C:\RfB_mod\MAIN\speech/ru/set03/sniperveh/sniperenemydeath_02.ogg): No such file or directory
<0> SFileSystem::OpenWrite: Couldn't open (C:\RfB_mod\MAIN\speech/wa/set01/flamer/flamerinaction_01.ogg): No such file or directory
<0> SFileSystem::OpenWrite: Couldn't open (C:\RfB_mod\MAIN\speech/wa/set01/flamerveh/flamermoves_01.ogg): No such file or directory
<0> SFileSystem::OpenWrite: Couldn't open (C:\RfB_mod\MAIN\speech/wa/set01/generic/attackartyover50hp_02.ogg): No such file or directory
<0> SFileSystem::OpenWrite: Couldn't open (C:\RfB_mod\MAIN\speech/wa/set01/genericveh/attackartyover50hp_02.ogg): No such file or directory
<0> SFileSystem::OpenWrite: Couldn't open (C:\RfB_mod\MAIN\speech/wa/set01/medic/medicheals_02.ogg): No such file or directory
<0> SFileSystem::OpenWrite: Couldn't open (C:\RfB_mod\MAIN\speech/wa/set01/medicveh/medicheals_02.ogg): No such file or directory
<0> SFileSystem::OpenWrite: Couldn't open (C:\RfB_mod\MAIN\speech/wa/set01/officer/attackofficerover50hp_02.ogg): No such file or directory
<0> SFileSystem::OpenWrite: Couldn't open (C:\RfB_mod\MAIN\speech/wa/set01/officerveh/attackofficerover50hp_02.ogg): No such file or directory
<0> SFileSystem::OpenWrite: Couldn't open (C:\RfB_mod\MAIN\speech/wa/set01/sapper/sappermoves_01.ogg): No such file or directory
<0> SFileSystem::OpenWrite: Couldn't open (C:\RfB_mod\MAIN\speech/wa/set01/sapperveh/sapperdetectsmine_02.ogg): No such file or directory
<0> SFileSystem::OpenWrite: Couldn't open (C:\RfB_mod\MAIN\speech/wa/set01/sniper/sniperenemydeath_02.ogg): No such file or directory
<0> SFileSystem::OpenWrite: Couldn't open (C:\RfB_mod\MAIN\speech/wa/set01/sniperveh/sniperenemydeath_01.ogg): No such file or directory
<0> SFileSystem::OpenWrite: Couldn't open (C:\RfB_mod\MAIN\speech/wa/set02/flamer/flamerinaction_01.ogg): No such file or directory
<0> SFileSystem::OpenWrite: Couldn't open (C:\RfB_mod\MAIN\speech/wa/set02/flamerveh/flamerinaction_01.ogg): No such file or directory
<0> SFileSystem::OpenWrite: Couldn't open (C:\RfB_mod\MAIN\speech/wa/set02/generic/attackartyover50hp_03.ogg): No such file or directory
<0> SFileSystem::OpenWrite: Couldn't open (C:\RfB_mod\MAIN\speech/wa/set02/genericveh/attackartyover50hp_01.ogg): No such file or directory
<0> SFileSystem::OpenWrite: Couldn't open (C:\RfB_mod\MAIN\speech/wa/set02/medic/medicmoves_01.ogg): No such file or directory
<0> SFileSystem::OpenWrite: Couldn't open (C:\RfB_mod\MAIN\speech/wa/set02/medicveh/medicheals_02.ogg): No such file or directory
<0> SFileSystem::OpenWrite: Couldn't open (C:\RfB_mod\MAIN\speech/wa/set02/officer/attackofficerover50hp_02.ogg): No such file or directory
<0> SFileSystem::OpenWrite: Couldn't open (C:\RfB_mod\MAIN\speech/wa/set02/officerveh/attackofficerover50hp_01.ogg): No such file or directory
<0> SFileSystem::OpenWrite: Couldn't open (C:\RfB_mod\MAIN\speech/wa/set02/sapper/sapperdetectsmine_02.ogg): No such file or directory
<0> SFileSystem::OpenWrite: Couldn't open (C:\RfB_mod\MAIN\speech/wa/set02/sapperveh/sapperdetectsmine_02.ogg): No such file or directory
<0> SFileSystem::OpenWrite: Couldn't open (C:\RfB_mod\MAIN\speech/wa/set02/sniper/sniperenemydeath_01.ogg): No such file or directory
<0> SFileSystem::OpenWrite: Couldn't open (C:\RfB_mod\MAIN\speech/wa/set02/sniperveh/sniperenemydeath_01.ogg): No such file or directory
<0> SFileSystem::OpenWrite: Couldn't open (C:\RfB_mod\MAIN\speech/wa/set03/flamer/flamerinaction_02.ogg): No such file or directory
<0> SFileSystem::OpenWrite: Couldn't open (C:\RfB_mod\MAIN\speech/wa/set03/flamerveh/flamerinaction_02.ogg): No such file or directory
<0> SFileSystem::OpenWrite: Couldn't open (C:\RfB_mod\MAIN\speech/wa/set03/generic/attackartyover50hp_01.ogg): No such file or directory
<0> SFileSystem::OpenWrite: Couldn't open (C:\RfB_mod\MAIN\speech/wa/set03/genericveh/attackartyover50hp_02.ogg): No such file or directory
<0> SFileSystem::OpenWrite: Couldn't open (C:\RfB_mod\MAIN\speech/wa/set03/medic/medicheals_01.ogg): No such file or directory
<0> SFileSystem::OpenWrite: Couldn't open (C:\RfB_mod\MAIN\speech/wa/set03/medicveh/medicmoves_01.ogg): No such file or directory
<0> SFileSystem::OpenWrite: Couldn't open (C:\RfB_mod\MAIN\speech/wa/set03/officer/attackofficerover50hp_02.ogg): No such file or directory
<0> SFileSystem::OpenWrite: Couldn't open (C:\RfB_mod\MAIN\speech/wa/set03/officerveh/attackofficerover50hp_01.ogg): No such file or directory
<0> SFileSystem::OpenWrite: Couldn't open (C:\RfB_mod\MAIN\speech/wa/set03/sapper/sapperdetectsmine_01.ogg): No such file or directory
<0> SFileSystem::OpenWrite: Couldn't open (C:\RfB_mod\MAIN\speech/wa/set03/sapperveh/sappermoves_01.ogg): No such file or directory
<0> SFileSystem::OpenWrite: Couldn't open (C:\RfB_mod\MAIN\speech/wa/set03/sniper/sniperenemydeath_02.ogg): No such file or directory
<0> SFileSystem::OpenWrite: Couldn't open (C:\RfB_mod\MAIN\speech/wa/set03/sniperveh/sniperenemydeath_02.ogg): No such file or directory
<0> SFileSystem::OpenWrite: Couldn't open (C:\RfB_mod\MAIN\speech/yu/set01/flamer/flamerinaction_01.ogg): No such file or directory
<0> SFileSystem::OpenWrite: Couldn't open (C:\RfB_mod\MAIN\speech/yu/set01/flamerveh/flamermoves_01.ogg): No such file or directory
<0> SFileSystem::OpenWrite: Couldn't open (C:\RfB_mod\MAIN\speech/yu/set01/generic/attackartyover50hp_02.ogg): No such file or directory
<0> SFileSystem::OpenWrite: Couldn't open (C:\RfB_mod\MAIN\speech/yu/set01/genericveh/attackartyover50hp_01.ogg): No such file or directory
<0> SFileSystem::OpenWrite: Couldn't open (C:\RfB_mod\MAIN\speech/yu/set01/medic/medicmoves_01.ogg): No such file or directory
<0> SFileSystem::OpenWrite: Couldn't open (C:\RfB_mod\MAIN\speech/yu/set01/medicveh/medicheals_01.ogg): No such file or directory
<0> SFileSystem::OpenWrite: Couldn't open (C:\RfB_mod\MAIN\speech/yu/set01/officer/attackofficerover50hp_02.ogg): No such file or directory
<0> SFileSystem::OpenWrite: Couldn't open (C:\RfB_mod\MAIN\speech/yu/set01/officerveh/attackofficerover50hp_02.ogg): No such file or directory
<0> SFileSystem::OpenWrite: Couldn't open (C:\RfB_mod\MAIN\speech/yu/set01/sapper/sapperdetectsmine_01.ogg): No such file or directory
<0> SFileSystem::OpenWrite: Couldn't open (C:\RfB_mod\MAIN\speech/yu/set01/sapperveh/sapperdetectsmine_02.ogg): No such file or directory
<0> SFileSystem::OpenWrite: Couldn't open (C:\RfB_mod\MAIN\speech/yu/set01/sniper/sniperenemydeath_01.ogg): No such file or directory
<0> SFileSystem::OpenWrite: Couldn't open (C:\RfB_mod\MAIN\speech/yu/set01/sniperveh/sniperenemydeath_01.ogg): No such file or directory
<0> SFileSystem::OpenWrite: Couldn't open (C:\RfB_mod\MAIN\speech/yu/set02/flamer/flamerinaction_02.ogg): No such file or directory
<0> SFileSystem::OpenWrite: Couldn't open (C:\RfB_mod\MAIN\speech/yu/set02/flamerveh/flamerinaction_02.ogg): No such file or directory
<0> SFileSystem::OpenWrite: Couldn't open (C:\RfB_mod\MAIN\speech/yu/set02/generic/attackartyover50hp_02.ogg): No such file or directory
<0> SFileSystem::OpenWrite: Couldn't open (C:\RfB_mod\MAIN\speech/yu/set02/genericveh/attackartyover50hp_01.ogg): No such file or directory
<0> SFileSystem::OpenWrite: Couldn't open (C:\RfB_mod\MAIN\speech/yu/set02/medic/medicheals_01.ogg): No such file or directory
<0> SFileSystem::OpenWrite: Couldn't open (C:\RfB_mod\MAIN\speech/yu/set02/medicveh/medicheals_01.ogg): No such file or directory
<0> SFileSystem::OpenWrite: Couldn't open (C:\RfB_mod\MAIN\speech/yu/set02/officer/attackofficerover50hp_01.ogg): No such file or directory
<0> SFileSystem::OpenWrite: Couldn't open (C:\RfB_mod\MAIN\speech/yu/set02/officerveh/attackofficerover50hp_02.ogg): No such file or directory
<0> SFileSystem::OpenWrite: Couldn't open (C:\RfB_mod\MAIN\speech/yu/set02/sapper/sapperdetectsmine_01.ogg): No such file or directory
<0> SFileSystem::OpenWrite: Couldn't open (C:\RfB_mod\MAIN\speech/yu/set02/sapperveh/sapperdetectsmine_01.ogg): No such file or directory
<0> SFileSystem::OpenWrite: Couldn't open (C:\RfB_mod\MAIN\speech/yu/set02/sniper/sniperenemydeath_01.ogg): No such file or directory
<0> SFileSystem::OpenWrite: Couldn't open (C:\RfB_mod\MAIN\speech/yu/set02/sniperveh/sniperenemydeath_02.ogg): No such file or directory
<0> SFileSystem::OpenWrite: Couldn't open (C:\RfB_mod\MAIN\tiles/99_block_1.dxt): No such file or directory
<0> SFileSystem::OpenWrite: Couldn't open (C:\RfB_mod\MAIN\tiles/mapfx/coop1_rock_1_1_hnm.tga): No such file or directory
<0> SFileSystem::OpenWrite: Couldn't open (C:\RfB_mod\MAIN\water/fx/sparkle.dxt): No such file or directory
<0> SFileSystem::OpenWrite: Couldn't open (C:\RfB_mod\MAIN\water/lake/01/oils/oil_02.dxt): No such file or directory
<0> SFileSystem::OpenWrite: Couldn't open (C:\RfB_mod\MAIN\water/lake/01/reflections/reflection2.dxt): No such file or directory
<0> SFileSystem::OpenWrite: Couldn't open (C:\RfB_mod\MAIN\water/lake/01/textures/sea-02.dxt): No such file or directory
<0> SFileSystem::OpenWrite: Couldn't open (C:\RfB_mod\MAIN\water/oil/oil_02.dxt): No such file or directory
<0> SFileSystem::OpenWrite: Couldn't open (C:\RfB_mod\MAIN\water/reflection/reflection2.dxt): No such file or directory
<0> SFileSystem::OpenWrite: Couldn't open (C:\RfB_mod\MAIN\water/river/river10.dxt): No such file or directory
<0> SFileSystem::OpenWrite: Couldn't open (C:\RfB_mod\MAIN\water/shore/shore_2.dxt): No such file or directory
<0> SFileSystem::OpenWrite: Couldn't open (C:\RfB_mod\MAIN\wire/wire_shadow.dxt): No such file or directory
